<?xml version="1.0" encoding="UTF-8"?>
<testsuite name="EasterTest" tests="1" skipped="0" failures="0" errors="0" timestamp="2023-01-25T23:47:35" hostname="LAPTOP-T9O0GS8S" time="0.004">
  <properties/>
  <testcase name="testSolution" classname="EasterTest" time="0.004"/>
  <system-out><![CDATA[]]></system-out>
  <system-err><![CDATA[]]></system-err>
</testsuite>
